Removed Pin From Net: NetName=ANALOG Pin=C23-1
Removed Pin From Net: NetName=GND Pin=C23-2
Removed Pin From Net: NetName=+3.3V Pin=CN4-1
Removed Pin From Net: NetName=TEMP1 Pin=CN4-2
Removed Pin From Net: NetName=TEMP2 Pin=CN4-3
Removed Pin From Net: NetName=TEMP3 Pin=CN4-4
Removed Pin From Net: NetName=TEMP4 Pin=CN4-5
Removed Pin From Net: NetName=TEMP5 Pin=CN4-6
Removed Pin From Net: NetName=+3.3V Pin=CN5-1
Removed Pin From Net: NetName=LEVEL1 Pin=CN5-2
Removed Pin From Net: NetName=LEVEL2 Pin=CN5-3
Removed Pin From Net: NetName=LEVEL3 Pin=CN5-4
Removed Pin From Net: NetName=LEVEL4 Pin=CN5-5
Removed Pin From Net: NetName=LEVEL5 Pin=CN5-6
Removed Pin From Net: NetName=GND Pin=R9-1
Removed Pin From Net: NetName=ANALOG Pin=R9-2
Removed Member From Class: ClassName=Sheet1 Member=C23
Removed Member From Class: ClassName=Sheet1 Member=R9
Added Pin To Net: NetName=TEMP1 Pin=CN4-1
Added Pin To Net: NetName=TEMP2 Pin=CN4-2
Added Pin To Net: NetName=TEMP3 Pin=CN4-3
Added Pin To Net: NetName=TEMP4 Pin=CN4-4
Added Pin To Net: NetName=TEMP5 Pin=CN4-5
Added Pin To Net: NetName=+3.3V Pin=CN4-6
Added Pin To Net: NetName=LEVEL1 Pin=CN5-1
Added Pin To Net: NetName=LEVEL2 Pin=CN5-2
Added Pin To Net: NetName=LEVEL3 Pin=CN5-3
Added Pin To Net: NetName=LEVEL4 Pin=CN5-4
Added Pin To Net: NetName=LEVEL5 Pin=CN5-5
Added Pin To Net: NetName=+3.3V Pin=CN5-6
Added Pin To Net: NetName=GND Pin=IC7-12
Added Pin To Net: NetName=+3.3V Pin=IC7-24
Added Pin To Net: NetName=A0 Pin=U2-23
Added Pin To Net: NetName=A1 Pin=U2-24
Added Pin To Net: NetName=A2 Pin=U2-25
Added Pin To Net: NetName=A3 Pin=U2-26
