Added Component: Designator=C1(CAP-SMD-0805)
Add component. Clean all parameters for all variants
Added Component: Designator=C2(CAP-SMD-0805)
Add component. Clean all parameters for all variants
Added Component: Designator=C3(Cap-Non-150mil)
Add component. Clean all parameters for all variants
Added Component: Designator=C4(CAP-SMD-0805)
Add component. Clean all parameters for all variants
Added Component: Designator=C5(Cap-Non-150mil)
Add component. Clean all parameters for all variants
Added Component: Designator=C6(CAP-SMD-0805)
Add component. Clean all parameters for all variants
Added Component: Designator=C7(CAP-SMD-0805)
Add component. Clean all parameters for all variants
Added Component: Designator=C8(Cap-P-2.5/5)
Add component. Clean all parameters for all variants
Added Component: Designator=C9(Cap-Non-150mil)
Add component. Clean all parameters for all variants
Added Component: Designator=C10(Cap-P-2.5/5)
Add component. Clean all parameters for all variants
Added Component: Designator=C11(Cap-P-2.5/5)
Add component. Clean all parameters for all variants
Added Component: Designator=C12(Cap-Non-150mil)
Add component. Clean all parameters for all variants
Added Component: Designator=C13(Cap-Non-150mil)
Add component. Clean all parameters for all variants
Added Component: Designator=C14(Cap-P-3.8/6.3)
Add component. Clean all parameters for all variants
Added Component: Designator=C15(Cap-Non-300mil)
Add component. Clean all parameters for all variants
Added Component: Designator=C16(CAP-SMD-0805)
Add component. Clean all parameters for all variants
Added Component: Designator=C17(CAP-SMD-0805)
Add component. Clean all parameters for all variants
Added Component: Designator=C18(Cap-P-3.8/6.3)
Add component. Clean all parameters for all variants
Added Component: Designator=C19(Cap-Non-300mil)
Add component. Clean all parameters for all variants
Added Component: Designator=C20(Cap-P-3.8/6.3)
Add component. Clean all parameters for all variants
Added Component: Designator=C21(Cap-P-3.8/6.3)
Add component. Clean all parameters for all variants
Added Component: Designator=C22(Cap-P-3.8/6.3)
Add component. Clean all parameters for all variants
Added Component: Designator=C23(CAP-SMD-0805)
Add component. Clean all parameters for all variants
Added Component: Designator=C24(CAP-SMD-0805)
Add component. Clean all parameters for all variants
Added Component: Designator=C25(CAP-SMD-0805)
Add component. Clean all parameters for all variants
Added Component: Designator=C26(CAP-SMD-0805)
Add component. Clean all parameters for all variants
Added Component: Designator=C27(CAP-SMD-0805)
Add component. Clean all parameters for all variants
Added Component: Designator=CN1(KF2/5.08)
Add component. Clean all parameters for all variants
Added Component: Designator=CN2(KF2/5.08)
Add component. Clean all parameters for all variants
Added Component: Designator=CN3(KF2/5.08)
Add component. Clean all parameters for all variants
Added Component: Designator=CN4(Header 2P)
Add component. Clean all parameters for all variants
Added Component: Designator=CN5(Header 2P)
Add component. Clean all parameters for all variants
Added Component: Designator=CN6(Header 2P)
Add component. Clean all parameters for all variants
Added Component: Designator=CN7(Header 2P)
Add component. Clean all parameters for all variants
Added Component: Designator=CN8(Header 2P)
Add component. Clean all parameters for all variants
Added Component: Designator=D1(SOD 106)
Add component. Clean all parameters for all variants
Added Component: Designator=D2(SOD 106)
Add component. Clean all parameters for all variants
Added Component: Designator=D3(SOD 106)
Add component. Clean all parameters for all variants
Added Component: Designator=D4(SOD 106)
Add component. Clean all parameters for all variants
Added Component: Designator=D5(SOD 106)
Add component. Clean all parameters for all variants
Added Component: Designator=F1(Fuse-Dip1)
Add component. Clean all parameters for all variants
Added Component: Designator=IC1(SOIC127P600X175-16N)
Add component. Clean all parameters for all variants
Add component (AddParameter): Name = "Author"; Value = "CERN DEM JLC"; VariantName = "[No Variations]"
Add component (AddParameter): Name = "Bonding"; Value = "No"; VariantName = "[No Variations]"
Add component (AddParameter): Name = "Case"; Value = "SOIC16"; VariantName = "[No Variations]"
Add component (AddParameter): Name = "ComponentHeight"; Value = "1.75mm"; VariantName = "[No Variations]"
Add component (AddParameter): Name = "Component Type"; Value = "Standard"; VariantName = "[No Variations]"
Add component (AddParameter): Name = "CreateDate"; Value = "6/5/2012"; VariantName = "[No Variations]"
Add component (AddParameter): Name = "Device"; Value = "SN74HC595D"; VariantName = "[No Variations]"
Add component (AddParameter): Name = "HelpURL"; Value = "\\cern.ch\dfs\Applications\Altium\Datasheets\SN74HC595D.pdf"; VariantName = "[No Variations]"
Add component (AddParameter): Name = "LatestRevisionDate"; Value = "6/5/2012"; VariantName = "[No Variations]"
Add component (AddParameter): Name = "Manufacturer"; Value = "TEXAS INSTRUMENTS"; VariantName = "[No Variations]"
Add component (AddParameter): Name = "Manufacturer Part Number"; Value = "SN74HC595D"; VariantName = "[No Variations]"
Add component (AddParameter): Name = "Mounted"; Value = "Yes"; VariantName = "[No Variations]"
Add component (AddParameter): Name = "PackageDescription"; Value = "SOIC 16, Pitch 1.27mm - Body 4x10mm, IPC Medium Density"; VariantName = "[No Variations]"
Add component (AddParameter): Name = "Part Description"; Value = "8-Bit Shift Register With 3-State Output Registers"; VariantName = "[No Variations]"
Add component (AddParameter): Name = "Part Number"; Value = "SN74HC595D"; VariantName = "[No Variations]"
Add component (AddParameter): Name = "Pin Count"; Value = "16"; VariantName = "[No Variations]"
Add component (AddParameter): Name = "PressFit"; Value = "No"; VariantName = "[No Variations]"
Add component (AddParameter): Name = "Sense"; Value = "No"; VariantName = "[No Variations]"
Add component (AddParameter): Name = "SMD"; Value = "Yes"; VariantName = "[No Variations]"
Add component (AddParameter): Name = "Socket"; Value = "No"; VariantName = "[No Variations]"
Added Component: Designator=IC2(SOIC127P600X175-16N)
Add component. Clean all parameters for all variants
Add component (AddParameter): Name = "Author"; Value = "CERN DEM JLC"; VariantName = "[No Variations]"
Add component (AddParameter): Name = "Bonding"; Value = "No"; VariantName = "[No Variations]"
Add component (AddParameter): Name = "Case"; Value = "SOIC16"; VariantName = "[No Variations]"
Add component (AddParameter): Name = "ComponentHeight"; Value = "1.75mm"; VariantName = "[No Variations]"
Add component (AddParameter): Name = "Component Type"; Value = "Standard"; VariantName = "[No Variations]"
Add component (AddParameter): Name = "CreateDate"; Value = "6/5/2012"; VariantName = "[No Variations]"
Add component (AddParameter): Name = "Device"; Value = "SN74HC595D"; VariantName = "[No Variations]"
Add component (AddParameter): Name = "HelpURL"; Value = "\\cern.ch\dfs\Applications\Altium\Datasheets\SN74HC595D.pdf"; VariantName = "[No Variations]"
Add component (AddParameter): Name = "LatestRevisionDate"; Value = "6/5/2012"; VariantName = "[No Variations]"
Add component (AddParameter): Name = "Manufacturer"; Value = "TEXAS INSTRUMENTS"; VariantName = "[No Variations]"
Add component (AddParameter): Name = "Manufacturer Part Number"; Value = "SN74HC595D"; VariantName = "[No Variations]"
Add component (AddParameter): Name = "Mounted"; Value = "Yes"; VariantName = "[No Variations]"
Add component (AddParameter): Name = "PackageDescription"; Value = "SOIC 16, Pitch 1.27mm - Body 4x10mm, IPC Medium Density"; VariantName = "[No Variations]"
Add component (AddParameter): Name = "Part Description"; Value = "8-Bit Shift Register With 3-State Output Registers"; VariantName = "[No Variations]"
Add component (AddParameter): Name = "Part Number"; Value = "SN74HC595D"; VariantName = "[No Variations]"
Add component (AddParameter): Name = "Pin Count"; Value = "16"; VariantName = "[No Variations]"
Add component (AddParameter): Name = "PressFit"; Value = "No"; VariantName = "[No Variations]"
Add component (AddParameter): Name = "Sense"; Value = "No"; VariantName = "[No Variations]"
Add component (AddParameter): Name = "SMD"; Value = "Yes"; VariantName = "[No Variations]"
Add component (AddParameter): Name = "Socket"; Value = "No"; VariantName = "[No Variations]"
Added Component: Designator=IC3(FAIRCHILD_FOD817DSD)
Add component. Clean all parameters for all variants
Add component (AddParameter): Name = "Author"; Value = "CERN DEM JLC"; VariantName = "[No Variations]"
Add component (AddParameter): Name = "Bonding"; Value = "No"; VariantName = "[No Variations]"
Add component (AddParameter): Name = "Case"; Value = "SOIC4"; VariantName = "[No Variations]"
Add component (AddParameter): Name = "ComponentHeight"; Value = "4.6mm"; VariantName = "[No Variations]"
Add component (AddParameter): Name = "Component Type"; Value = "Standard"; VariantName = "[No Variations]"
Add component (AddParameter): Name = "CreateDate"; Value = "7/21/2014"; VariantName = "[No Variations]"
Add component (AddParameter): Name = "Device"; Value = "FOD817DSD"; VariantName = "[No Variations]"
Add component (AddParameter): Name = "HelpURL"; Value = "\\cern.ch\dfs\Applications\Altium\Datasheets\FOD817DSD.pdf"; VariantName = "[No Variations]"
Add component (AddParameter): Name = "LatestRevisionDate"; Value = "7/21/2014"; VariantName = "[No Variations]"
Add component (AddParameter): Name = "Manufacturer"; Value = "FAIRCHILD SEMICONDUCTOR"; VariantName = "[No Variations]"
Add component (AddParameter): Name = "Manufacturer Part Number"; Value = "FOD817DSD"; VariantName = "[No Variations]"
Add component (AddParameter): Name = "Mounted"; Value = "Yes"; VariantName = "[No Variations]"
Add component (AddParameter): Name = "PackageDescription"; Value = "SOIC, 2.54mm Pitch, 4 Pin, Body 6.5mm W X 4.6mm L X 4.6mm H"; VariantName = "[No Variations]"
Add component (AddParameter): Name = "Part Description"; Value = "4-Pin High Operating Temperature Phototransistor Optocoupler"; VariantName = "[No Variations]"
Add component (AddParameter): Name = "Part Number"; Value = "FOD817DSD"; VariantName = "[No Variations]"
Add component (AddParameter): Name = "Pin Count"; Value = "4"; VariantName = "[No Variations]"
Add component (AddParameter): Name = "PressFit"; Value = "No"; VariantName = "[No Variations]"
Add component (AddParameter): Name = "Sense"; Value = "No"; VariantName = "[No Variations]"
Add component (AddParameter): Name = "SMD"; Value = "Yes"; VariantName = "[No Variations]"
Add component (AddParameter): Name = "Socket"; Value = "No"; VariantName = "[No Variations]"
Added Component: Designator=IC4(SOIC127P600X175-14N)
Add component. Clean all parameters for all variants
Add component (AddParameter): Name = "Author"; Value = "CERN DEM JLC"; VariantName = "[No Variations]"
Add component (AddParameter): Name = "Bonding"; Value = "No"; VariantName = "[No Variations]"
Add component (AddParameter): Name = "Case"; Value = "SOIC14"; VariantName = "[No Variations]"
Add component (AddParameter): Name = "ComponentHeight"; Value = "1.75mm"; VariantName = "[No Variations]"
Add component (AddParameter): Name = "Component Type"; Value = "Standard"; VariantName = "[No Variations]"
Add component (AddParameter): Name = "CreateDate"; Value = "8/26/2014"; VariantName = "[No Variations]"
Add component (AddParameter): Name = "Device"; Value = "74HC14D"; VariantName = "[No Variations]"
Add component (AddParameter): Name = "HelpURL"; Value = "\\cern.ch\dfs\Applications\Altium\Datasheets\74HC14D.pdf"; VariantName = "[No Variations]"
Add component (AddParameter): Name = "LatestRevisionDate"; Value = "8/26/2014"; VariantName = "[No Variations]"
Add component (AddParameter): Name = "Manufacturer"; Value = "NXP SEMICONDUCTORS"; VariantName = "[No Variations]"
Add component (AddParameter): Name = "Manufacturer Part Number"; Value = "74HC14D"; VariantName = "[No Variations]"
Add component (AddParameter): Name = "Mounted"; Value = "Yes"; VariantName = "[No Variations]"
Add component (AddParameter): Name = "PackageDescription"; Value = "SOIC 14, Pitch 1.27mm - Body 4x8.75mm, IPC Medium Density"; VariantName = "[No Variations]"
Add component (AddParameter): Name = "Part Description"; Value = "Hex  Inverterting Schmitt-Trigger"; VariantName = "[No Variations]"
Add component (AddParameter): Name = "Part Number"; Value = "74HC14D"; VariantName = "[No Variations]"
Add component (AddParameter): Name = "Pin Count"; Value = "14"; VariantName = "[No Variations]"
Add component (AddParameter): Name = "PressFit"; Value = "No"; VariantName = "[No Variations]"
Add component (AddParameter): Name = "Sense"; Value = "No"; VariantName = "[No Variations]"
Add component (AddParameter): Name = "SMD"; Value = "Yes"; VariantName = "[No Variations]"
Add component (AddParameter): Name = "Socket"; Value = "No"; VariantName = "[No Variations]"
Added Component: Designator=IC5(FAIRCHILD_FOD817DSD)
Add component. Clean all parameters for all variants
Add component (AddParameter): Name = "Author"; Value = "CERN DEM JLC"; VariantName = "[No Variations]"
Add component (AddParameter): Name = "Bonding"; Value = "No"; VariantName = "[No Variations]"
Add component (AddParameter): Name = "Case"; Value = "SOIC4"; VariantName = "[No Variations]"
Add component (AddParameter): Name = "ComponentHeight"; Value = "4.6mm"; VariantName = "[No Variations]"
Add component (AddParameter): Name = "Component Type"; Value = "Standard"; VariantName = "[No Variations]"
Add component (AddParameter): Name = "CreateDate"; Value = "7/21/2014"; VariantName = "[No Variations]"
Add component (AddParameter): Name = "Device"; Value = "FOD817DSD"; VariantName = "[No Variations]"
Add component (AddParameter): Name = "HelpURL"; Value = "\\cern.ch\dfs\Applications\Altium\Datasheets\FOD817DSD.pdf"; VariantName = "[No Variations]"
Add component (AddParameter): Name = "LatestRevisionDate"; Value = "7/21/2014"; VariantName = "[No Variations]"
Add component (AddParameter): Name = "Manufacturer"; Value = "FAIRCHILD SEMICONDUCTOR"; VariantName = "[No Variations]"
Add component (AddParameter): Name = "Manufacturer Part Number"; Value = "FOD817DSD"; VariantName = "[No Variations]"
Add component (AddParameter): Name = "Mounted"; Value = "Yes"; VariantName = "[No Variations]"
Add component (AddParameter): Name = "PackageDescription"; Value = "SOIC, 2.54mm Pitch, 4 Pin, Body 6.5mm W X 4.6mm L X 4.6mm H"; VariantName = "[No Variations]"
Add component (AddParameter): Name = "Part Description"; Value = "4-Pin High Operating Temperature Phototransistor Optocoupler"; VariantName = "[No Variations]"
Add component (AddParameter): Name = "Part Number"; Value = "FOD817DSD"; VariantName = "[No Variations]"
Add component (AddParameter): Name = "Pin Count"; Value = "4"; VariantName = "[No Variations]"
Add component (AddParameter): Name = "PressFit"; Value = "No"; VariantName = "[No Variations]"
Add component (AddParameter): Name = "Sense"; Value = "No"; VariantName = "[No Variations]"
Add component (AddParameter): Name = "SMD"; Value = "Yes"; VariantName = "[No Variations]"
Add component (AddParameter): Name = "Socket"; Value = "No"; VariantName = "[No Variations]"
Added Component: Designator=IC6(TO252)
Add component. Clean all parameters for all variants
Added Component: Designator=L1(L-DIP-M-5.3)
Add component. Clean all parameters for all variants
Add component (AddParameter): Name = "Value"; Value = "150 mH"; VariantName = "[No Variations]"
Added Component: Designator=LED1(LED-0805)
Add component. Clean all parameters for all variants
Added Component: Designator=LED2(LED-0805)
Add component. Clean all parameters for all variants
Added Component: Designator=LED3(LED-0805)
Add component. Clean all parameters for all variants
Added Component: Designator=Q1(TO228P991X239-3N-R552X520)
Add component. Clean all parameters for all variants
Add component (AddParameter): Name = "Author"; Value = "CERN DEM JLC"; VariantName = "[No Variations]"
Add component (AddParameter): Name = "Bonding"; Value = "No"; VariantName = "[No Variations]"
Add component (AddParameter): Name = "Case"; Value = "DPAK"; VariantName = "[No Variations]"
Add component (AddParameter): Name = "ComponentHeight"; Value = "2.38mm"; VariantName = "[No Variations]"
Add component (AddParameter): Name = "Component Type"; Value = "Standard"; VariantName = "[No Variations]"
Add component (AddParameter): Name = "CreateDate"; Value = "9/23/2014"; VariantName = "[No Variations]"
Add component (AddParameter): Name = "Device"; Value = "MJD340G"; VariantName = "[No Variations]"
Add component (AddParameter): Name = "HelpURL"; Value = "\\cern.ch\dfs\Applications\Altium\Datasheets\MJD340G.pdf"; VariantName = "[No Variations]"
Add component (AddParameter): Name = "LatestRevisionDate"; Value = "9/23/2014"; VariantName = "[No Variations]"
Add component (AddParameter): Name = "Manufacturer"; Value = "ON SEMICONDUCTOR"; VariantName = "[No Variations]"
Add component (AddParameter): Name = "Manufacturer Part Number"; Value = "MJD340G"; VariantName = "[No Variations]"
Add component (AddParameter): Name = "Mounted"; Value = "Yes"; VariantName = "[No Variations]"
Add component (AddParameter): Name = "PackageDescription"; Value = "TO-252AA DPAK TO, 2.28mm pitch; 2 pin,9.905mm L X 6.095mm W X 2.39mm H body, IPC Medium Density"; VariantName = "[No Variations]"
Add component (AddParameter): Name = "Part Description"; Value = "300V 500mA 15W NPN High Voltage Power Transistor"; VariantName = "[No Variations]"
Add component (AddParameter): Name = "Part Number"; Value = "MJD340G"; VariantName = "[No Variations]"
Add component (AddParameter): Name = "Pin Count"; Value = "3"; VariantName = "[No Variations]"
Add component (AddParameter): Name = "PressFit"; Value = "No"; VariantName = "[No Variations]"
Add component (AddParameter): Name = "Sense"; Value = "No"; VariantName = "[No Variations]"
Add component (AddParameter): Name = "SMD"; Value = "Yes"; VariantName = "[No Variations]"
Add component (AddParameter): Name = "Socket"; Value = "No"; VariantName = "[No Variations]"
Added Component: Designator=Q2(TO228P991X239-3N-R552X520)
Add component. Clean all parameters for all variants
Add component (AddParameter): Name = "Author"; Value = "CERN DEM JLC"; VariantName = "[No Variations]"
Add component (AddParameter): Name = "Bonding"; Value = "No"; VariantName = "[No Variations]"
Add component (AddParameter): Name = "Case"; Value = "DPAK"; VariantName = "[No Variations]"
Add component (AddParameter): Name = "ComponentHeight"; Value = "2.38mm"; VariantName = "[No Variations]"
Add component (AddParameter): Name = "Component Type"; Value = "Standard"; VariantName = "[No Variations]"
Add component (AddParameter): Name = "CreateDate"; Value = "9/23/2014"; VariantName = "[No Variations]"
Add component (AddParameter): Name = "Device"; Value = "MJD340G"; VariantName = "[No Variations]"
Add component (AddParameter): Name = "HelpURL"; Value = "\\cern.ch\dfs\Applications\Altium\Datasheets\MJD340G.pdf"; VariantName = "[No Variations]"
Add component (AddParameter): Name = "LatestRevisionDate"; Value = "9/23/2014"; VariantName = "[No Variations]"
Add component (AddParameter): Name = "Manufacturer"; Value = "ON SEMICONDUCTOR"; VariantName = "[No Variations]"
Add component (AddParameter): Name = "Manufacturer Part Number"; Value = "MJD340G"; VariantName = "[No Variations]"
Add component (AddParameter): Name = "Mounted"; Value = "Yes"; VariantName = "[No Variations]"
Add component (AddParameter): Name = "PackageDescription"; Value = "TO-252AA DPAK TO, 2.28mm pitch; 2 pin,9.905mm L X 6.095mm W X 2.39mm H body, IPC Medium Density"; VariantName = "[No Variations]"
Add component (AddParameter): Name = "Part Description"; Value = "300V 500mA 15W NPN High Voltage Power Transistor"; VariantName = "[No Variations]"
Add component (AddParameter): Name = "Part Number"; Value = "MJD340G"; VariantName = "[No Variations]"
Add component (AddParameter): Name = "Pin Count"; Value = "3"; VariantName = "[No Variations]"
Add component (AddParameter): Name = "PressFit"; Value = "No"; VariantName = "[No Variations]"
Add component (AddParameter): Name = "Sense"; Value = "No"; VariantName = "[No Variations]"
Add component (AddParameter): Name = "SMD"; Value = "Yes"; VariantName = "[No Variations]"
Add component (AddParameter): Name = "Socket"; Value = "No"; VariantName = "[No Variations]"
Added Component: Designator=R1(Res1/4W300mil)
Add component. Clean all parameters for all variants
Added Component: Designator=R2(RES-SMD-0805)
Add component. Clean all parameters for all variants
Added Component: Designator=R3(RES-SMD-0805)
Add component. Clean all parameters for all variants
Added Component: Designator=R4(Res1/4W300mil)
Add component. Clean all parameters for all variants
Added Component: Designator=R5(RES-SMD-0805)
Add component. Clean all parameters for all variants
Added Component: Designator=R6(Res1/4W300mil)
Add component. Clean all parameters for all variants
Added Component: Designator=R7(Res1/4W300mil)
Add component. Clean all parameters for all variants
Added Component: Designator=R8(RES-SMD-0805)
Add component. Clean all parameters for all variants
Added Component: Designator=R9(RES-SMD-0805)
Add component. Clean all parameters for all variants
Added Component: Designator=R10(RES-SMD-0805)
Add component. Clean all parameters for all variants
Added Component: Designator=R11(RES-SMD-0805)
Add component. Clean all parameters for all variants
Added Component: Designator=R12(RES-SMD-0805)
Add component. Clean all parameters for all variants
Added Component: Designator=R13(RES-SMD-0805)
Add component. Clean all parameters for all variants
Added Component: Designator=R14(RES-SMD-0805)
Add component. Clean all parameters for all variants
Added Component: Designator=R15(RES-SMD-0805)
Add component. Clean all parameters for all variants
Added Component: Designator=R16(RES-SMD-0805)
Add component. Clean all parameters for all variants
Added Component: Designator=SW1(Button-Dip4/6x6)
Add component. Clean all parameters for all variants
Add component (AddParameter): Name = "Value"; Value = "Button chip 4 pin"; VariantName = "[No Variations]"
Added Component: Designator=SW2(Button-Dip4/6x6)
Add component. Clean all parameters for all variants
Add component (AddParameter): Name = "Value"; Value = "Button chip 4 pin"; VariantName = "[No Variations]"
Added Component: Designator=SW3(Button-Dip4/6x6)
Add component. Clean all parameters for all variants
Add component (AddParameter): Name = "Value"; Value = "Button chip 4 pin"; VariantName = "[No Variations]"
Added Component: Designator=SW4(Button-Dip4/6x6)
Add component. Clean all parameters for all variants
Add component (AddParameter): Name = "Value"; Value = "Button chip 4 pin"; VariantName = "[No Variations]"
Added Component: Designator=U1(LM2596_MODULE)
Add component. Clean all parameters for all variants
Add component (AddParameter): Name = "ComponentLink1Description"; Value = "DATASHEET"; VariantName = "[No Variations]"
Add component (AddParameter): Name = "ComponentLink1URL"; Value = "http://tpelectronic.ir/datasheets/20150123144301750.pdf"; VariantName = "[No Variations]"
Added Component: Designator=U2(MODULE_ESP32-DEVKITC-32D)
Add component. Clean all parameters for all variants
Add component (AddParameter): Name = "Availability"; Value = "Unavailable"; VariantName = "[No Variations]"
Add component (AddParameter): Name = "MF"; Value = "Espressif Systems"; VariantName = "[No Variations]"
Add component (AddParameter): Name = "MP"; Value = "ESP32-DEVKITC-32D"; VariantName = "[No Variations]"
Add component (AddParameter): Name = "Package"; Value = "None"; VariantName = "[No Variations]"
Add component (AddParameter): Name = "Price"; Value = "None"; VariantName = "[No Variations]"
Add component (AddParameter): Name = "SnapEDA_Link"; Value = "https://www.snapeda.com/parts/ESP32-DEVKITC-32D/Espressif%20Systems/view-part/2777395/?ref=snap"; VariantName = "[No Variations]"
Add component (AddParameter): Name = "Value"; Value = ""; VariantName = "[No Variations]"
Added Component: Designator=U3(LCD_176X220_MODULE)
Add component. Clean all parameters for all variants
Add component (AddParameter): Name = "ComponentLink1Description"; Value = "Wiki"; VariantName = "[No Variations]"
Add component (AddParameter): Name = "ComponentLink1URL"; Value = "http://www.lcdwiki.com/2.8inch_SPI_Module_ILI9341_SKU:MSP2807"; VariantName = "[No Variations]"
Added Pin To Net: NetName=+3.3V Pin=C1-2
Added Pin To Net: NetName=+3.3V Pin=C2-2
Added Pin To Net: NetName=+3.3V Pin=C6-2
Added Pin To Net: NetName=+3.3V Pin=C7-2
Added Pin To Net: NetName=+3.3V Pin=C8-1
Added Pin To Net: NetName=+3.3V Pin=C9-2
Added Pin To Net: NetName=+3.3V Pin=C10-1
Added Pin To Net: NetName=+3.3V Pin=C11-1
Added Pin To Net: NetName=+3.3V Pin=C12-2
Added Pin To Net: NetName=+3.3V Pin=C13-2
Added Pin To Net: NetName=+3.3V Pin=C14-1
Added Pin To Net: NetName=+3.3V Pin=C15-2
Added Pin To Net: NetName=+3.3V Pin=CN4-1
Added Pin To Net: NetName=+3.3V Pin=CN5-1
Added Pin To Net: NetName=+3.3V Pin=CN6-1
Added Pin To Net: NetName=+3.3V Pin=CN7-1
Added Pin To Net: NetName=+3.3V Pin=CN8-1
Added Pin To Net: NetName=+3.3V Pin=IC1-10
Added Pin To Net: NetName=+3.3V Pin=IC1-16
Added Pin To Net: NetName=+3.3V Pin=IC2-10
Added Pin To Net: NetName=+3.3V Pin=IC2-16
Added Pin To Net: NetName=+3.3V Pin=R16-2
Added Pin To Net: NetName=+3.3V Pin=U2-16
Added Pin To Net: NetName=+3.3V Pin=U3-2
Added Net: Name=+3.3V
Added Pin To Net: NetName=+5V Pin=C16-2
Added Pin To Net: NetName=+5V Pin=C17-2
Added Pin To Net: NetName=+5V Pin=C19-2
Added Pin To Net: NetName=+5V Pin=IC4-14
Added Pin To Net: NetName=+5V Pin=IC6-3
Added Pin To Net: NetName=+5V Pin=R2-2
Added Pin To Net: NetName=+5V Pin=R3-2
Added Net: Name=+5V
Added Pin To Net: NetName=+12V Pin=C5-1
Added Pin To Net: NetName=+12V Pin=C18-1
Added Pin To Net: NetName=+12V Pin=CN2-2
Added Pin To Net: NetName=+12V Pin=CN3-2
Added Pin To Net: NetName=+12V Pin=D3-2
Added Pin To Net: NetName=+12V Pin=D5-2
Added Pin To Net: NetName=+12V Pin=IC6-1
Added Pin To Net: NetName=+12V Pin=R14-2
Added Pin To Net: NetName=+12V Pin=U1-1
Added Net: Name=+12V
Added Pin To Net: NetName=BD Pin=SW2-1
Added Pin To Net: NetName=BD Pin=SW2-4
Added Pin To Net: NetName=BD Pin=U2-24
Added Net: Name=BD
Added Pin To Net: NetName=BL Pin=SW3-1
Added Pin To Net: NetName=BL Pin=SW3-4
Added Pin To Net: NetName=BL Pin=U2-25
Added Net: Name=BL
Added Pin To Net: NetName=BR Pin=SW4-1
Added Pin To Net: NetName=BR Pin=SW4-4
Added Pin To Net: NetName=BR Pin=U2-26
Added Net: Name=BR
Added Pin To Net: NetName=BU Pin=SW1-1
Added Pin To Net: NetName=BU Pin=SW1-4
Added Pin To Net: NetName=BU Pin=U2-23
Added Net: Name=BU
Added Pin To Net: NetName=GND Pin=C1-1
Added Pin To Net: NetName=GND Pin=C2-1
Added Pin To Net: NetName=GND Pin=C3-2
Added Pin To Net: NetName=GND Pin=C4-1
Added Pin To Net: NetName=GND Pin=C5-2
Added Pin To Net: NetName=GND Pin=C6-1
Added Pin To Net: NetName=GND Pin=C7-1
Added Pin To Net: NetName=GND Pin=C8-2
Added Pin To Net: NetName=GND Pin=C9-1
Added Pin To Net: NetName=GND Pin=C10-2
Added Pin To Net: NetName=GND Pin=C11-2
Added Pin To Net: NetName=GND Pin=C12-1
Added Pin To Net: NetName=GND Pin=C13-1
Added Pin To Net: NetName=GND Pin=C14-2
Added Pin To Net: NetName=GND Pin=C15-1
Added Pin To Net: NetName=GND Pin=C16-1
Added Pin To Net: NetName=GND Pin=C17-1
Added Pin To Net: NetName=GND Pin=C18-2
Added Pin To Net: NetName=GND Pin=C19-1
Added Pin To Net: NetName=GND Pin=C20-2
Added Pin To Net: NetName=GND Pin=C21-2
Added Pin To Net: NetName=GND Pin=C22-2
Added Pin To Net: NetName=GND Pin=C23-2
Added Pin To Net: NetName=GND Pin=C24-2
Added Pin To Net: NetName=GND Pin=C25-2
Added Pin To Net: NetName=GND Pin=C26-2
Added Pin To Net: NetName=GND Pin=C27-2
Added Pin To Net: NetName=GND Pin=CN1-2
Added Pin To Net: NetName=GND Pin=D1-1
Added Pin To Net: NetName=GND Pin=D2-1
Added Pin To Net: NetName=GND Pin=IC1-8
Added Pin To Net: NetName=GND Pin=IC1-13
Added Pin To Net: NetName=GND Pin=IC2-8
Added Pin To Net: NetName=GND Pin=IC2-13
Added Pin To Net: NetName=GND Pin=IC3-2
Added Pin To Net: NetName=GND Pin=IC3-3
Added Pin To Net: NetName=GND Pin=IC4-7
Added Pin To Net: NetName=GND Pin=IC5-2
Added Pin To Net: NetName=GND Pin=IC5-3
Added Pin To Net: NetName=GND Pin=IC6-2
Added Pin To Net: NetName=GND Pin=LED1-2
Added Pin To Net: NetName=GND Pin=LED2-2
Added Pin To Net: NetName=GND Pin=LED3-2
Added Pin To Net: NetName=GND Pin=Q1-2
Added Pin To Net: NetName=GND Pin=Q2-2
Added Pin To Net: NetName=GND Pin=R4-1
Added Pin To Net: NetName=GND Pin=R7-1
Added Pin To Net: NetName=GND Pin=R9-1
Added Pin To Net: NetName=GND Pin=R10-1
Added Pin To Net: NetName=GND Pin=R11-1
Added Pin To Net: NetName=GND Pin=R12-1
Added Pin To Net: NetName=GND Pin=R13-1
Added Pin To Net: NetName=GND Pin=SW1-2
Added Pin To Net: NetName=GND Pin=SW1-3
Added Pin To Net: NetName=GND Pin=SW2-2
Added Pin To Net: NetName=GND Pin=SW2-3
Added Pin To Net: NetName=GND Pin=SW3-2
Added Pin To Net: NetName=GND Pin=SW3-3
Added Pin To Net: NetName=GND Pin=SW4-2
Added Pin To Net: NetName=GND Pin=SW4-3
Added Pin To Net: NetName=GND Pin=U1-2
Added Pin To Net: NetName=GND Pin=U1-3
Added Pin To Net: NetName=GND Pin=U2-14
Added Pin To Net: NetName=GND Pin=U2-17
Added Pin To Net: NetName=GND Pin=U3-1
Added Net: Name=GND
Added Pin To Net: NetName=LCD_CS Pin=IC2-15
Added Pin To Net: NetName=LCD_CS Pin=U3-3
Added Net: Name=LCD_CS
Added Pin To Net: NetName=LCD_DB0 Pin=IC1-15
Added Pin To Net: NetName=LCD_DB0 Pin=U3-9
Added Net: Name=LCD_DB0
Added Pin To Net: NetName=LCD_DB1 Pin=IC1-1
Added Pin To Net: NetName=LCD_DB1 Pin=U3-10
Added Net: Name=LCD_DB1
Added Pin To Net: NetName=LCD_DB2 Pin=IC1-2
Added Pin To Net: NetName=LCD_DB2 Pin=U3-11
Added Net: Name=LCD_DB2
Added Pin To Net: NetName=LCD_DB3 Pin=IC1-3
Added Pin To Net: NetName=LCD_DB3 Pin=U3-12
Added Net: Name=LCD_DB3
Added Pin To Net: NetName=LCD_DB4 Pin=IC1-4
Added Pin To Net: NetName=LCD_DB4 Pin=U3-13
Added Net: Name=LCD_DB4
Added Pin To Net: NetName=LCD_DB5 Pin=IC1-5
Added Pin To Net: NetName=LCD_DB5 Pin=U3-14
Added Net: Name=LCD_DB5
Added Pin To Net: NetName=LCD_DB6 Pin=IC1-6
Added Pin To Net: NetName=LCD_DB6 Pin=U3-15
Added Net: Name=LCD_DB6
Added Pin To Net: NetName=LCD_DB7 Pin=IC1-7
Added Pin To Net: NetName=LCD_DB7 Pin=U3-16
Added Net: Name=LCD_DB7
Added Pin To Net: NetName=LCD_LED Pin=IC2-5
Added Pin To Net: NetName=LCD_LED Pin=U3-8
Added Net: Name=LCD_LED
Added Pin To Net: NetName=LCD_RD Pin=IC2-3
Added Pin To Net: NetName=LCD_RD Pin=U3-6
Added Net: Name=LCD_RD
Added Pin To Net: NetName=LCD_RS Pin=IC2-1
Added Pin To Net: NetName=LCD_RS Pin=U3-4
Added Net: Name=LCD_RS
Added Pin To Net: NetName=LCD_RST Pin=IC2-4
Added Pin To Net: NetName=LCD_RST Pin=U3-7
Added Net: Name=LCD_RST
Added Pin To Net: NetName=LCD_WR Pin=IC2-2
Added Pin To Net: NetName=LCD_WR Pin=U3-5
Added Net: Name=LCD_WR
Added Pin To Net: NetName=MC Pin=R8-2
Added Pin To Net: NetName=MC Pin=U2-22
Added Net: Name=MC
Added Pin To Net: NetName=NetC3_1 Pin=C3-1
Added Pin To Net: NetName=NetC3_1 Pin=L1-1
Added Pin To Net: NetName=NetC3_1 Pin=U1-4
Added Net: Name=NetC3_1
Added Pin To Net: NetName=NetC20_1 Pin=C20-1
Added Pin To Net: NetName=NetC20_1 Pin=C21-1
Added Pin To Net: NetName=NetC20_1 Pin=C22-1
Added Pin To Net: NetName=NetC20_1 Pin=D1-2
Added Pin To Net: NetName=NetC20_1 Pin=D2-2
Added Pin To Net: NetName=NetC20_1 Pin=F1-2
Added Pin To Net: NetName=NetC20_1 Pin=F1-2
Added Net: Name=NetC20_1
Added Pin To Net: NetName=NetCN1_1 Pin=CN1-1
Added Pin To Net: NetName=NetCN1_1 Pin=F1-1
Added Pin To Net: NetName=NetCN1_1 Pin=F1-1
Added Net: Name=NetCN1_1
Added Pin To Net: NetName=NetCN2_1 Pin=CN2-1
Added Pin To Net: NetName=NetCN2_1 Pin=D3-1
Added Pin To Net: NetName=NetCN2_1 Pin=Q1-3
Added Net: Name=NetCN2_1
Added Pin To Net: NetName=NetCN3_1 Pin=CN3-1
Added Pin To Net: NetName=NetCN3_1 Pin=D5-1
Added Pin To Net: NetName=NetCN3_1 Pin=Q2-3
Added Net: Name=NetCN3_1
Added Pin To Net: NetName=NetD4_2 Pin=D4-2
Added Pin To Net: NetName=NetD4_2 Pin=U2-15
Added Net: Name=NetD4_2
Added Pin To Net: NetName=NetIC1_9 Pin=IC1-9
Added Pin To Net: NetName=NetIC1_9 Pin=IC2-14
Added Net: Name=NetIC1_9
Added Pin To Net: NetName=NetIC3_1 Pin=IC3-1
Added Pin To Net: NetName=NetIC3_1 Pin=R5-1
Added Net: Name=NetIC3_1
Added Pin To Net: NetName=NetIC3_4 Pin=IC3-4
Added Pin To Net: NetName=NetIC3_4 Pin=IC4-1
Added Pin To Net: NetName=NetIC3_4 Pin=R2-1
Added Net: Name=NetIC3_4
Added Pin To Net: NetName=NetIC4_2 Pin=IC4-2
Added Pin To Net: NetName=NetIC4_2 Pin=R1-1
Added Pin To Net: NetName=NetIC4_2 Pin=R4-2
Added Net: Name=NetIC4_2
Added Pin To Net: NetName=NetIC4_3 Pin=IC4-3
Added Pin To Net: NetName=NetIC4_3 Pin=IC5-4
Added Pin To Net: NetName=NetIC4_3 Pin=R3-1
Added Net: Name=NetIC4_3
Added Pin To Net: NetName=NetIC4_4 Pin=IC4-4
Added Pin To Net: NetName=NetIC4_4 Pin=R6-1
Added Pin To Net: NetName=NetIC4_4 Pin=R7-2
Added Net: Name=NetIC4_4
Added Pin To Net: NetName=NetIC5_1 Pin=IC5-1
Added Pin To Net: NetName=NetIC5_1 Pin=R8-1
Added Net: Name=NetIC5_1
Added Pin To Net: NetName=NetLED1_1 Pin=LED1-1
Added Pin To Net: NetName=NetLED1_1 Pin=R14-1
Added Net: Name=NetLED1_1
Added Pin To Net: NetName=NetLED2_1 Pin=LED2-1
Added Pin To Net: NetName=NetLED2_1 Pin=R15-1
Added Net: Name=NetLED2_1
Added Pin To Net: NetName=NetLED3_1 Pin=LED3-1
Added Pin To Net: NetName=NetLED3_1 Pin=R16-1
Added Net: Name=NetLED3_1
Added Pin To Net: NetName=NetQ1_1 Pin=Q1-1
Added Pin To Net: NetName=NetQ1_1 Pin=R1-2
Added Net: Name=NetQ1_1
Added Pin To Net: NetName=NetQ2_1 Pin=Q2-1
Added Pin To Net: NetName=NetQ2_1 Pin=R6-2
Added Net: Name=NetQ2_1
Added Pin To Net: NetName=RCLK Pin=IC1-12
Added Pin To Net: NetName=RCLK Pin=IC2-12
Added Pin To Net: NetName=RCLK Pin=U2-9
Added Net: Name=RCLK
Added Pin To Net: NetName=RC Pin=R5-2
Added Pin To Net: NetName=RC Pin=U2-21
Added Net: Name=RC
Added Pin To Net: NetName=SEN_1 Pin=C23-1
Added Pin To Net: NetName=SEN_1 Pin=CN4-2
Added Pin To Net: NetName=SEN_1 Pin=R9-2
Added Pin To Net: NetName=SEN_1 Pin=U2-2
Added Net: Name=SEN_1
Added Pin To Net: NetName=SEN_2 Pin=C24-1
Added Pin To Net: NetName=SEN_2 Pin=CN5-2
Added Pin To Net: NetName=SEN_2 Pin=R10-2
Added Pin To Net: NetName=SEN_2 Pin=U2-3
Added Net: Name=SEN_2
Added Pin To Net: NetName=SEN_3 Pin=C25-1
Added Pin To Net: NetName=SEN_3 Pin=CN6-2
Added Pin To Net: NetName=SEN_3 Pin=R11-2
Added Pin To Net: NetName=SEN_3 Pin=U2-4
Added Net: Name=SEN_3
Added Pin To Net: NetName=SEN_4 Pin=C26-1
Added Pin To Net: NetName=SEN_4 Pin=CN7-2
Added Pin To Net: NetName=SEN_4 Pin=R12-2
Added Pin To Net: NetName=SEN_4 Pin=U2-5
Added Net: Name=SEN_4
Added Pin To Net: NetName=SEN_5 Pin=C27-1
Added Pin To Net: NetName=SEN_5 Pin=CN8-2
Added Pin To Net: NetName=SEN_5 Pin=R13-2
Added Pin To Net: NetName=SEN_5 Pin=U2-6
Added Net: Name=SEN_5
Added Pin To Net: NetName=SER Pin=IC1-14
Added Pin To Net: NetName=SER Pin=U2-11
Added Net: Name=SER
Added Pin To Net: NetName=SRCLK Pin=IC1-11
Added Pin To Net: NetName=SRCLK Pin=IC2-11
Added Pin To Net: NetName=SRCLK Pin=U2-10
Added Net: Name=SRCLK
Added Pin To Net: NetName=V_ESPU Pin=C4-2
Added Pin To Net: NetName=V_ESPU Pin=D4-1
Added Pin To Net: NetName=V_ESPU Pin=L1-2
Added Pin To Net: NetName=V_ESPU Pin=R15-2
Added Net: Name=V_ESPU
Added Class: Name=Sheet1
