Removed Member From Class: ClassName=Sheet1 Member=C24
Removed Member From Class: ClassName=Sheet1 Member=C25
Removed Member From Class: ClassName=Sheet1 Member=C26
Removed Member From Class: ClassName=Sheet1 Member=C27
Removed Member From Class: ClassName=Sheet1 Member=CN6
Removed Member From Class: ClassName=Sheet1 Member=CN7
Removed Member From Class: ClassName=Sheet1 Member=CN8
Removed Member From Class: ClassName=Sheet1 Member=R13
Change Component Footprint: Designator=C6 Old Footprint=CAP-SMD-0805 New Footprint=CAPC2012X135N
Change Component Footprint: Designator=CN4 Old Footprint=Header 2P New Footprint=Header 6P
Change Component Footprint: Designator=CN5 Old Footprint=Header 2P New Footprint=Header 6P
Change Component Comment : Designator=R10 Old Comment=1K New Comment=10K
Change Component Comment : Designator=R11 Old Comment=1K New Comment=10K
Change Component Comment : Designator=C6 Old Comment=106 New Comment=47pF
Change Component Comment : Designator=CN4 Old Comment=SEN_1 New Comment=TEMP
Change Component Comment : Designator=CN5 Old Comment=SEN_2 New Comment=LEVEL
Change component parameters: Designator = "C6"; Footprint = "CAPC2012X135N"; UniqueID = "\JOEDNPWO"
Change component parameters. Clean all parameters for all variants
Change component parameters (AddParameter): Name = "Author"; Value = "CERN DEM JLC"; VariantName = "[No Variations]"
Change component parameters (AddParameter): Name = "Case"; Value = "0805"; VariantName = "[No Variations]"
Change component parameters (AddParameter): Name = "Component Type"; Value = "Standard"; VariantName = "[No Variations]"
Change component parameters (AddParameter): Name = "CreateDate"; Value = "12/3/2007"; VariantName = "[No Variations]"
Change component parameters (AddParameter): Name = "HelpURL"; Value = "\\cern.ch\dfs\Applications\Altium\Datasheets\CC0805_NP0_PHYCOMP.pdf"; VariantName = "[No Variations]"
Change component parameters (AddParameter): Name = "LatestRevisionDate"; Value = "12/3/2007"; VariantName = "[No Variations]"
Change component parameters (AddParameter): Name = "Manufacturer"; Value = "GENERIC"; VariantName = "[No Variations]"
Change component parameters (AddParameter): Name = "Manufacturer1 ComponentHeight"; Value = "1.35mm"; VariantName = "[No Variations]"
Change component parameters (AddParameter): Name = "Manufacturer1 Example"; Value = "PHYCOMP"; VariantName = "[No Variations]"
Change component parameters (AddParameter): Name = "Manufacturer1 Part Number"; Value = "223886115479"; VariantName = "[No Variations]"
Change component parameters (AddParameter): Name = "Manufacturer Part Number"; Value = "CC0805_47PF_50V_5%_NP0"; VariantName = "[No Variations]"
Change component parameters (AddParameter): Name = "Mounted"; Value = "Yes"; VariantName = "[No Variations]"
Change component parameters (AddParameter): Name = "Part Description"; Value = "SMD Multilayer Chip Ceramic Capacitor"; VariantName = "[No Variations]"
Change component parameters (AddParameter): Name = "Part Number"; Value = "CC0805_47PF_50V_5%_NP0"; VariantName = "[No Variations]"
Change component parameters (AddParameter): Name = "Pin Count"; Value = "2"; VariantName = "[No Variations]"
Change component parameters (AddParameter): Name = "Sense"; Value = "No"; VariantName = "[No Variations]"
Change component parameters (AddParameter): Name = "SMD"; Value = "Yes"; VariantName = "[No Variations]"
Change component parameters (AddParameter): Name = "Socket"; Value = "No"; VariantName = "[No Variations]"
Change component parameters (AddParameter): Name = "Status"; Value = "Preferred"; VariantName = "[No Variations]"
Change component parameters (AddParameter): Name = "TC"; Value = "C0G/NP0"; VariantName = "[No Variations]"
Change component parameters (AddParameter): Name = "Tolerance"; Value = "±5%"; VariantName = "[No Variations]"
Change component parameters (AddParameter): Name = "Value"; Value = "47pF"; VariantName = "[No Variations]"
Change component parameters (AddParameter): Name = "Voltage"; Value = "50V"; VariantName = "[No Variations]"
Added Component: Designator=IC7(SOIC127P1032X265-24N)
Add component. Clean all parameters for all variants
Add component (AddParameter): Name = "Author"; Value = "CERN DEM JLC"; VariantName = "[No Variations]"
Add component (AddParameter): Name = "Bonding"; Value = "No"; VariantName = "[No Variations]"
Add component (AddParameter): Name = "Case"; Value = "SOIC24"; VariantName = "[No Variations]"
Add component (AddParameter): Name = "ComponentHeight"; Value = "2.65mm"; VariantName = "[No Variations]"
Add component (AddParameter): Name = "Component Type"; Value = "Standard"; VariantName = "[No Variations]"
Add component (AddParameter): Name = "CreateDate"; Value = "5/14/2013"; VariantName = "[No Variations]"
Add component (AddParameter): Name = "Device"; Value = "HEF4067BT"; VariantName = "[No Variations]"
Add component (AddParameter): Name = "HelpURL"; Value = "\\cern.ch\dfs\Applications\Altium\Datasheets\HEF4067BT.pdf"; VariantName = "[No Variations]"
Add component (AddParameter): Name = "LatestRevisionDate"; Value = "5/14/2013"; VariantName = "[No Variations]"
Add component (AddParameter): Name = "Manufacturer"; Value = "NXP SEMICONDUCTORS"; VariantName = "[No Variations]"
Add component (AddParameter): Name = "Manufacturer Part Number"; Value = "HEF4067BT"; VariantName = "[No Variations]"
Add component (AddParameter): Name = "Mounted"; Value = "Yes"; VariantName = "[No Variations]"
Add component (AddParameter): Name = "PackageDescription"; Value = "SOIC, 1.27mm Pitch; 24 Pin,7.50mm W X 15.40mm L X 2.65mm H Body, IPC Medium Density"; VariantName = "[No Variations]"
Add component (AddParameter): Name = "Part Description"; Value = "16-Channel Analog Multiplexer/Demultiplexer"; VariantName = "[No Variations]"
Add component (AddParameter): Name = "Part Number"; Value = "HEF4067BT"; VariantName = "[No Variations]"
Add component (AddParameter): Name = "Pin Count"; Value = "24"; VariantName = "[No Variations]"
Add component (AddParameter): Name = "PressFit"; Value = "No"; VariantName = "[No Variations]"
Add component (AddParameter): Name = "Sense"; Value = "No"; VariantName = "[No Variations]"
Add component (AddParameter): Name = "SMD"; Value = "Yes"; VariantName = "[No Variations]"
Add component (AddParameter): Name = "Socket"; Value = "No"; VariantName = "[No Variations]"
Added Pin To Net: NetName=+3.3V Pin=C1-2
Added Pin To Net: NetName=+3.3V Pin=C2-2
Added Pin To Net: NetName=+3.3V Pin=C8-1
Added Pin To Net: NetName=+3.3V Pin=C9-2
Added Pin To Net: NetName=+3.3V Pin=C10-1
Added Pin To Net: NetName=+3.3V Pin=C11-1
Added Pin To Net: NetName=+3.3V Pin=C12-2
Added Pin To Net: NetName=+3.3V Pin=C13-2
Added Pin To Net: NetName=+3.3V Pin=C14-1
Added Pin To Net: NetName=+3.3V Pin=C15-2
Added Pin To Net: NetName=+3.3V Pin=CN4-1
Added Pin To Net: NetName=+3.3V Pin=CN5-1
Added Pin To Net: NetName=+3.3V Pin=IC1-10
Added Pin To Net: NetName=+3.3V Pin=IC1-16
Added Pin To Net: NetName=+3.3V Pin=IC2-10
Added Pin To Net: NetName=+3.3V Pin=IC2-16
Added Pin To Net: NetName=+3.3V Pin=R16-2
Added Pin To Net: NetName=+3.3V Pin=R27-1
Added Pin To Net: NetName=+3.3V Pin=R27-2
Added Pin To Net: NetName=+3.3V Pin=U2-16
Added Pin To Net: NetName=+3.3V Pin=U3-2
Added Net: Name=+3.3V
Added Pin To Net: NetName=+5V Pin=C16-2
Added Pin To Net: NetName=+5V Pin=C17-2
Added Pin To Net: NetName=+5V Pin=IC4-14
Added Pin To Net: NetName=+5V Pin=IC6-3
Added Pin To Net: NetName=+5V Pin=R2-2
Added Pin To Net: NetName=+5V Pin=R3-2
Added Net: Name=+5V
Added Pin To Net: NetName=+12V Pin=C5-1
Added Pin To Net: NetName=+12V Pin=C18-1
Added Pin To Net: NetName=+12V Pin=C20-1
Added Pin To Net: NetName=+12V Pin=C21-1
Added Pin To Net: NetName=+12V Pin=C22-1
Added Pin To Net: NetName=+12V Pin=CN2-2
Added Pin To Net: NetName=+12V Pin=CN3-2
Added Pin To Net: NetName=+12V Pin=D1-2
Added Pin To Net: NetName=+12V Pin=D2-2
Added Pin To Net: NetName=+12V Pin=D3-2
Added Pin To Net: NetName=+12V Pin=D5-2
Added Pin To Net: NetName=+12V Pin=F1-2
Added Pin To Net: NetName=+12V Pin=F1-2
Added Pin To Net: NetName=+12V Pin=IC6-1
Added Pin To Net: NetName=+12V Pin=R14-2
Added Pin To Net: NetName=+12V Pin=U1-1
Added Net: Name=+12V
Added Pin To Net: NetName=A0 Pin=IC7-10
Added Net: Name=A0
Added Pin To Net: NetName=A1 Pin=IC7-11
Added Net: Name=A1
Added Pin To Net: NetName=A2 Pin=IC7-14
Added Net: Name=A2
Added Pin To Net: NetName=A3 Pin=IC7-13
Added Net: Name=A3
Added Pin To Net: NetName=ANALOG Pin=C7-1
Added Pin To Net: NetName=ANALOG Pin=C23-1
Added Pin To Net: NetName=ANALOG Pin=IC7-1
Added Pin To Net: NetName=ANALOG Pin=R9-2
Added Pin To Net: NetName=ANALOG Pin=R11-1
Added Pin To Net: NetName=ANALOG Pin=R12-1
Added Net: Name=ANALOG
Added Pin To Net: NetName=BD Pin=SW2-1
Added Pin To Net: NetName=BD Pin=SW2-4
Added Pin To Net: NetName=BD Pin=U2-7
Added Net: Name=BD
Added Pin To Net: NetName=BL Pin=SW3-1
Added Pin To Net: NetName=BL Pin=SW3-4
Added Pin To Net: NetName=BL Pin=U2-5
Added Net: Name=BL
Added Pin To Net: NetName=BR Pin=SW4-1
Added Pin To Net: NetName=BR Pin=SW4-4
Added Pin To Net: NetName=BR Pin=U2-6
Added Net: Name=BR
Added Pin To Net: NetName=BUCK Pin=C3-1
Added Pin To Net: NetName=BUCK Pin=R15-2
Added Net: Name=BUCK
Added Pin To Net: NetName=BU Pin=SW1-1
Added Pin To Net: NetName=BU Pin=SW1-4
Added Pin To Net: NetName=BU Pin=U2-4
Added Net: Name=BU
Added Pin To Net: NetName=GND Pin=B1-1
Added Pin To Net: NetName=GND Pin=B2-1
Added Pin To Net: NetName=GND Pin=B3-1
Added Pin To Net: NetName=GND Pin=B4-1
Added Pin To Net: NetName=GND Pin=C1-1
Added Pin To Net: NetName=GND Pin=C2-1
Added Pin To Net: NetName=GND Pin=C3-2
Added Pin To Net: NetName=GND Pin=C4-1
Added Pin To Net: NetName=GND Pin=C5-2
Added Pin To Net: NetName=GND Pin=C7-2
Added Pin To Net: NetName=GND Pin=C8-2
Added Pin To Net: NetName=GND Pin=C9-1
Added Pin To Net: NetName=GND Pin=C10-2
Added Pin To Net: NetName=GND Pin=C11-2
Added Pin To Net: NetName=GND Pin=C12-1
Added Pin To Net: NetName=GND Pin=C13-1
Added Pin To Net: NetName=GND Pin=C14-2
Added Pin To Net: NetName=GND Pin=C15-1
Added Pin To Net: NetName=GND Pin=C16-1
Added Pin To Net: NetName=GND Pin=C17-1
Added Pin To Net: NetName=GND Pin=C18-2
Added Pin To Net: NetName=GND Pin=C20-2
Added Pin To Net: NetName=GND Pin=C21-2
Added Pin To Net: NetName=GND Pin=C22-2
Added Pin To Net: NetName=GND Pin=C23-2
Added Pin To Net: NetName=GND Pin=CN1-2
Added Pin To Net: NetName=GND Pin=D1-1
Added Pin To Net: NetName=GND Pin=D2-1
Added Pin To Net: NetName=GND Pin=IC1-8
Added Pin To Net: NetName=GND Pin=IC1-13
Added Pin To Net: NetName=GND Pin=IC2-8
Added Pin To Net: NetName=GND Pin=IC2-13
Added Pin To Net: NetName=GND Pin=IC3-2
Added Pin To Net: NetName=GND Pin=IC3-3
Added Pin To Net: NetName=GND Pin=IC4-7
Added Pin To Net: NetName=GND Pin=IC5-2
Added Pin To Net: NetName=GND Pin=IC5-3
Added Pin To Net: NetName=GND Pin=IC6-2
Added Pin To Net: NetName=GND Pin=IC7-15
Added Pin To Net: NetName=GND Pin=LED1-2
Added Pin To Net: NetName=GND Pin=LED2-2
Added Pin To Net: NetName=GND Pin=LED3-2
Added Pin To Net: NetName=GND Pin=Q1-2
Added Pin To Net: NetName=GND Pin=Q2-2
Added Pin To Net: NetName=GND Pin=R4-1
Added Pin To Net: NetName=GND Pin=R7-1
Added Pin To Net: NetName=GND Pin=R9-1
Added Pin To Net: NetName=GND Pin=R12-2
Added Pin To Net: NetName=GND Pin=R20-1
Added Pin To Net: NetName=GND Pin=R20-2
Added Pin To Net: NetName=GND Pin=SW1-2
Added Pin To Net: NetName=GND Pin=SW1-3
Added Pin To Net: NetName=GND Pin=SW2-2
Added Pin To Net: NetName=GND Pin=SW2-3
Added Pin To Net: NetName=GND Pin=SW3-2
Added Pin To Net: NetName=GND Pin=SW3-3
Added Pin To Net: NetName=GND Pin=SW4-2
Added Pin To Net: NetName=GND Pin=SW4-3
Added Pin To Net: NetName=GND Pin=U1-2
Added Pin To Net: NetName=GND Pin=U1-3
Added Pin To Net: NetName=GND Pin=U2-14
Added Pin To Net: NetName=GND Pin=U2-17
Added Pin To Net: NetName=GND Pin=U3-1
Added Net: Name=GND
Added Pin To Net: NetName=LCD_CS Pin=IC2-7
Added Pin To Net: NetName=LCD_CS Pin=U3-3
Added Net: Name=LCD_CS
Added Pin To Net: NetName=LCD_DB0 Pin=IC1-2
Added Pin To Net: NetName=LCD_DB0 Pin=U3-9
Added Net: Name=LCD_DB0
Added Pin To Net: NetName=LCD_DB1 Pin=IC1-7
Added Pin To Net: NetName=LCD_DB1 Pin=U3-10
Added Net: Name=LCD_DB1
Added Pin To Net: NetName=LCD_DB2 Pin=IC1-6
Added Pin To Net: NetName=LCD_DB2 Pin=U3-11
Added Net: Name=LCD_DB2
Added Pin To Net: NetName=LCD_DB3 Pin=IC1-5
Added Pin To Net: NetName=LCD_DB3 Pin=U3-12
Added Net: Name=LCD_DB3
Added Pin To Net: NetName=LCD_DB4 Pin=IC1-4
Added Pin To Net: NetName=LCD_DB4 Pin=U3-13
Added Net: Name=LCD_DB4
Added Pin To Net: NetName=LCD_DB5 Pin=IC1-3
Added Pin To Net: NetName=LCD_DB5 Pin=U3-14
Added Net: Name=LCD_DB5
Added Pin To Net: NetName=LCD_DB6 Pin=IC1-1
Added Pin To Net: NetName=LCD_DB6 Pin=U3-15
Added Net: Name=LCD_DB6
Added Pin To Net: NetName=LCD_DB7 Pin=IC1-15
Added Pin To Net: NetName=LCD_DB7 Pin=R18-1
Added Pin To Net: NetName=LCD_DB7 Pin=R18-2
Added Pin To Net: NetName=LCD_DB7 Pin=U3-16
Added Net: Name=LCD_DB7
Added Pin To Net: NetName=LCD_EXT Pin=IC1-9
Added Pin To Net: NetName=LCD_EXT Pin=IC2-14
Added Pin To Net: NetName=LCD_EXT Pin=R19-1
Added Pin To Net: NetName=LCD_EXT Pin=R19-2
Added Net: Name=LCD_EXT
Added Pin To Net: NetName=LCD_LED Pin=IC2-1
Added Pin To Net: NetName=LCD_LED Pin=U3-8
Added Net: Name=LCD_LED
Added Pin To Net: NetName=LCD_RD Pin=IC2-3
Added Pin To Net: NetName=LCD_RD Pin=U3-6
Added Net: Name=LCD_RD
Added Pin To Net: NetName=LCD_RS Pin=IC2-5
Added Pin To Net: NetName=LCD_RS Pin=U3-4
Added Net: Name=LCD_RS
Added Pin To Net: NetName=LCD_RST Pin=IC2-2
Added Pin To Net: NetName=LCD_RST Pin=U3-7
Added Net: Name=LCD_RST
Added Pin To Net: NetName=LCD_WR Pin=IC2-4
Added Pin To Net: NetName=LCD_WR Pin=U3-5
Added Net: Name=LCD_WR
Added Pin To Net: NetName=LEVEL1 Pin=CN5-2
Added Pin To Net: NetName=LEVEL1 Pin=IC7-21
Added Net: Name=LEVEL1
Added Pin To Net: NetName=LEVEL2 Pin=CN5-3
Added Pin To Net: NetName=LEVEL2 Pin=IC7-22
Added Net: Name=LEVEL2
Added Pin To Net: NetName=LEVEL3 Pin=CN5-4
Added Pin To Net: NetName=LEVEL3 Pin=IC7-23
Added Net: Name=LEVEL3
Added Pin To Net: NetName=LEVEL4 Pin=CN5-5
Added Pin To Net: NetName=LEVEL4 Pin=IC7-2
Added Net: Name=LEVEL4
Added Pin To Net: NetName=LEVEL5 Pin=CN5-6
Added Pin To Net: NetName=LEVEL5 Pin=IC7-3
Added Net: Name=LEVEL5
Added Pin To Net: NetName=MC Pin=R8-2
Added Pin To Net: NetName=MC Pin=U2-22
Added Net: Name=MC
Added Pin To Net: NetName=NetC6_1 Pin=C6-1
Added Pin To Net: NetName=NetC6_1 Pin=R10-1
Added Net: Name=NetC6_1
Added Pin To Net: NetName=NetC6_2 Pin=C6-2
Added Pin To Net: NetName=NetC6_2 Pin=R10-2
Added Net: Name=NetC6_2
Added Pin To Net: NetName=NetCN1_1 Pin=CN1-1
Added Pin To Net: NetName=NetCN1_1 Pin=F1-1
Added Pin To Net: NetName=NetCN1_1 Pin=F1-1
Added Net: Name=NetCN1_1
Added Pin To Net: NetName=NetCN2_1 Pin=CN2-1
Added Pin To Net: NetName=NetCN2_1 Pin=D3-1
Added Pin To Net: NetName=NetCN2_1 Pin=Q1-3
Added Net: Name=NetCN2_1
Added Pin To Net: NetName=NetCN3_1 Pin=CN3-1
Added Pin To Net: NetName=NetCN3_1 Pin=D5-1
Added Pin To Net: NetName=NetCN3_1 Pin=Q2-3
Added Net: Name=NetCN3_1
Added Pin To Net: NetName=NetD4_2 Pin=D4-2
Added Pin To Net: NetName=NetD4_2 Pin=U2-15
Added Net: Name=NetD4_2
Added Pin To Net: NetName=NetIC3_1 Pin=IC3-1
Added Pin To Net: NetName=NetIC3_1 Pin=R5-1
Added Net: Name=NetIC3_1
Added Pin To Net: NetName=NetIC3_4 Pin=IC3-4
Added Pin To Net: NetName=NetIC3_4 Pin=IC4-1
Added Pin To Net: NetName=NetIC3_4 Pin=R2-1
Added Net: Name=NetIC3_4
Added Pin To Net: NetName=NetIC4_2 Pin=IC4-2
Added Pin To Net: NetName=NetIC4_2 Pin=R1-1
Added Pin To Net: NetName=NetIC4_2 Pin=R4-2
Added Net: Name=NetIC4_2
Added Pin To Net: NetName=NetIC4_3 Pin=IC4-3
Added Pin To Net: NetName=NetIC4_3 Pin=IC5-4
Added Pin To Net: NetName=NetIC4_3 Pin=R3-1
Added Net: Name=NetIC4_3
Added Pin To Net: NetName=NetIC4_4 Pin=IC4-4
Added Pin To Net: NetName=NetIC4_4 Pin=R6-1
Added Pin To Net: NetName=NetIC4_4 Pin=R7-2
Added Net: Name=NetIC4_4
Added Pin To Net: NetName=NetIC5_1 Pin=IC5-1
Added Pin To Net: NetName=NetIC5_1 Pin=R8-1
Added Net: Name=NetIC5_1
Added Pin To Net: NetName=NetL1_1 Pin=L1-1
Added Pin To Net: NetName=NetL1_1 Pin=U1-4
Added Net: Name=NetL1_1
Added Pin To Net: NetName=NetLED1_1 Pin=LED1-1
Added Pin To Net: NetName=NetLED1_1 Pin=R14-1
Added Net: Name=NetLED1_1
Added Pin To Net: NetName=NetLED2_1 Pin=LED2-1
Added Pin To Net: NetName=NetLED2_1 Pin=R15-1
Added Net: Name=NetLED2_1
Added Pin To Net: NetName=NetLED3_1 Pin=LED3-1
Added Pin To Net: NetName=NetLED3_1 Pin=R16-1
Added Net: Name=NetLED3_1
Added Pin To Net: NetName=NetQ1_1 Pin=Q1-1
Added Pin To Net: NetName=NetQ1_1 Pin=R1-2
Added Net: Name=NetQ1_1
Added Pin To Net: NetName=NetQ2_1 Pin=Q2-1
Added Pin To Net: NetName=NetQ2_1 Pin=R6-2
Added Net: Name=NetQ2_1
Added Pin To Net: NetName=NetR11_2 Pin=R11-2
Added Net: Name=NetR11_2
Added Pin To Net: NetName=RCLK Pin=IC1-12
Added Pin To Net: NetName=RCLK Pin=IC2-12
Added Pin To Net: NetName=RCLK Pin=R17-1
Added Pin To Net: NetName=RCLK Pin=R17-2
Added Pin To Net: NetName=RCLK Pin=U2-9
Added Net: Name=RCLK
Added Pin To Net: NetName=RC Pin=R5-2
Added Pin To Net: NetName=RC Pin=U2-21
Added Net: Name=RC
Added Pin To Net: NetName=SER Pin=IC1-14
Added Pin To Net: NetName=SER Pin=U2-8
Added Net: Name=SER
Added Pin To Net: NetName=SRCLK Pin=IC1-11
Added Pin To Net: NetName=SRCLK Pin=IC2-11
Added Pin To Net: NetName=SRCLK Pin=U2-10
Added Net: Name=SRCLK
Added Pin To Net: NetName=TEMP1 Pin=CN4-2
Added Pin To Net: NetName=TEMP1 Pin=IC7-16
Added Net: Name=TEMP1
Added Pin To Net: NetName=TEMP2 Pin=CN4-3
Added Pin To Net: NetName=TEMP2 Pin=IC7-17
Added Net: Name=TEMP2
Added Pin To Net: NetName=TEMP3 Pin=CN4-4
Added Pin To Net: NetName=TEMP3 Pin=IC7-18
Added Net: Name=TEMP3
Added Pin To Net: NetName=TEMP4 Pin=CN4-5
Added Pin To Net: NetName=TEMP4 Pin=IC7-19
Added Net: Name=TEMP4
Added Pin To Net: NetName=TEMP5 Pin=CN4-6
Added Pin To Net: NetName=TEMP5 Pin=IC7-20
Added Net: Name=TEMP5
Added Pin To Net: NetName=V_ESPU Pin=C4-2
Added Pin To Net: NetName=V_ESPU Pin=D4-1
Added Pin To Net: NetName=V_ESPU Pin=L1-2
Added Net: Name=V_ESPU
Added Member To Class: ClassName=Sheet1 Member=Component IC7 HEF4067BT
