Removed Pin From Net: NetName=TEMP1 Pin=CN4-1
Removed Pin From Net: NetName=TEMP2 Pin=CN4-2
Removed Pin From Net: NetName=TEMP3 Pin=CN4-3
Removed Pin From Net: NetName=TEMP4 Pin=CN4-4
Removed Pin From Net: NetName=TEMP5 Pin=CN4-5
Removed Pin From Net: NetName=+3.3V Pin=CN4-6
Removed Pin From Net: NetName=LEVEL1 Pin=CN5-1
Removed Pin From Net: NetName=LEVEL2 Pin=CN5-2
Removed Pin From Net: NetName=LEVEL3 Pin=CN5-3
Removed Pin From Net: NetName=LEVEL4 Pin=CN5-4
Removed Pin From Net: NetName=LEVEL5 Pin=CN5-5
Removed Pin From Net: NetName=+3.3V Pin=CN5-6
Change Component Footprint: Designator=CN4 Old Footprint=Header 6P New Footprint=Header 7P
Change Component Footprint: Designator=CN5 Old Footprint=Header 6P New Footprint=Header 7P
Change Component Comment : Designator=CN5 Old Comment=LEVEL New Comment=Header
Change Component Comment : Designator=CN4 Old Comment=TEMP New Comment=Header
Added Pin To Net: NetName=GND Pin=CN4-1
Added Pin To Net: NetName=TEMP1 Pin=CN4-2
Added Pin To Net: NetName=TEMP2 Pin=CN4-3
Added Pin To Net: NetName=TEMP3 Pin=CN4-4
Added Pin To Net: NetName=TEMP4 Pin=CN4-5
Added Pin To Net: NetName=TEMP5 Pin=CN4-6
Added Pin To Net: NetName=+3.3V Pin=CN4-7
Added Pin To Net: NetName=GND Pin=CN5-1
Added Pin To Net: NetName=LEVEL1 Pin=CN5-2
Added Pin To Net: NetName=LEVEL2 Pin=CN5-3
Added Pin To Net: NetName=LEVEL3 Pin=CN5-4
Added Pin To Net: NetName=LEVEL4 Pin=CN5-5
Added Pin To Net: NetName=LEVEL5 Pin=CN5-6
Added Pin To Net: NetName=+3.3V Pin=CN5-7
Added Room: Name=Sheet1
